<?xml version="1.0" encoding="UTF-8"?>
<!-- Generated by org.testng.reporters.JUnitXMLReporter -->
<testsuite ignored="0" hostname="BLLCLAPUS1698" failures="0" tests="7" name="Employee Details" time="0.158" errors="0" timestamp="2022-02-16T12:04:27 PST">
  <testcase classname="AllTests" name="printAdd" time="0.013"/>
  <testcase classname="AllTests" name="subAdd" time="0.009"/>
  <testcase classname="AllTests" name="testAdd" time="0.003"/>
  <testcase classname="EmpDetailsTest" name="testCalculateAppriasal" time="0.004"/>
  <testcase classname="EmpDetailsTest" name="testCalculateYearlySalary" time="0.003"/>
  <testcase classname="TestNgAnnotation" name="testCase1" time="0.003"/>
  <testcase classname="TestNgAnnotation" name="testCase2" time="0.003"/>
</testsuite> <!-- Employee Details -->
